{"product":"Headphones","price":348.30189995113136,"quantity":10,"date":"2024-07-11T18:50:26-03:00"}
{"product":"Smartphone","price":860.8190496459023,"quantity":7,"date":"2024-07-11T23:46:55-03:00"}
{"product":"Headphones","price":144.18640172289096,"quantity":2,"date":"2024-07-12T10:24:28-03:00"}
{"product":"Monitor","price":393.3164494419088,"quantity":7,"date":"2024-07-12T11:09:14-03:00"}
{"product":"Laptop","price":183.2378969344506,"quantity":8,"date":"2024-07-12T11:51:44-03:00"}
{"product":"Tablet","price":305.35144344208067,"quantity":7,"date":"2024-07-12T12:10:32-03:00"}
{"product":"Laptop","price":685.1682348075722,"quantity":6,"date":"2024-07-12T12:23:39-03:00"}
{"product":"Headphones","price":988.9436310446347,"quantity":5,"date":"2024-07-12T12:30:24-03:00"}
{"product":"Headphones","price":94.18355063630518,"quantity":1,"date":"2024-07-12T12:47:42-03:00"}
{"product":"Smartphone","price":427.9804609121994,"quantity":2,"date":"2024-07-12T12:48:00-03:00"}
{"product":"Headphones","price":145.25109916619166,"quantity":3,"date":"2024-07-12T12:48:02-03:00"}
{"product":"Smartphone","price":502.43264893067874,"quantity":10,"date":"2024-07-12T12:48:03-03:00"}
{"product":"Smartphone","price":711.2331946619257,"quantity":4,"date":"2024-07-12T12:48:05-03:00"}
{"product":"Monitor","price":676.9680160839108,"quantity":6,"date":"2024-07-12T12:48:06-03:00"}
{"product":"Tablet","price":425.7155236438473,"quantity":10,"date":"2024-07-12T12:48:08-03:00"}
{"product":"Smartphone","price":301.60287016681184,"quantity":6,"date":"2024-07-12T12:48:09-03:00"}
{"product":"Tablet","price":584.4675714412629,"quantity":4,"date":"2024-07-12T12:48:11-03:00"}
{"product":"Smartphone","price":952.9133743675472,"quantity":1,"date":"2024-07-12T12:48:13-03:00"}
{"product":"Tablet","price":411.24128097586834,"quantity":3,"date":"2024-07-12T12:48:14-03:00"}
{"product":"Laptop","price":419.9959912898615,"quantity":6,"date":"2024-07-12T12:48:16-03:00"}
{"product":"Monitor","price":708.1039145450806,"quantity":5,"date":"2024-07-12T12:48:17-03:00"}
{"product":"Headphones","price":764.5166305020748,"quantity":2,"date":"2024-07-12T12:48:19-03:00"}
{"product": "Tablet", "price": 793.02, "quantity": 1, "date": "2024-07-11T21:00:38.269705"}
{"product": "Monitor", "price": 658.46, "quantity": 4, "date": "2024-07-05T21:00:38.269728"}
{"product": "Headphones", "price": 934.85, "quantity": 1, "date": "2024-07-07T21:00:38.269740"}
{"product": "Laptop", "price": 769.35, "quantity": 9, "date": "2024-07-06T21:00:38.269750"}
{"product": "Monitor", "price": 278.15, "quantity": 10, "date": "2024-07-09T21:00:38.269762"}
{"product": "Headphones", "price": 311.41, "quantity": 9, "date": "2024-07-11T21:00:38.269786"}
{"product": "Smartphone", "price": 900.61, "quantity": 6, "date": "2024-07-11T21:00:38.269795"}
{"product": "Tablet", "price": 893.76, "quantity": 4, "date": "2024-07-08T21:00:38.269807"}
{"product": "Monitor", "price": 844.03, "quantity": 10, "date": "2024-07-05T21:00:38.269817"}
{"product": "Tablet", "price": 209.34, "quantity": 8, "date": "2024-07-05T21:00:38.269825"}
{"product": "Monitor", "price": 733.06, "quantity": 6, "date": "2024-07-08T21:00:38.269833"}
{"product": "Headphones", "price": 320.77, "quantity": 7, "date": "2024-07-07T21:00:38.269841"}
{"product": "Laptop", "price": 958.47, "quantity": 8, "date": "2024-07-09T21:00:38.269851"}
{"product": "Monitor", "price": 625.73, "quantity": 8, "date": "2024-07-08T21:00:38.269858"}
{"product": "Headphones", "price": 142.98, "quantity": 8, "date": "2024-07-06T21:00:38.269866"}
{"product": "Tablet", "price": 532.58, "quantity": 2, "date": "2024-07-11T21:00:38.269873"}
{"product": "Laptop", "price": 422.02, "quantity": 9, "date": "2024-07-06T21:00:38.269881"}
{"product": "Smartphone", "price": 440.78, "quantity": 6, "date": "2024-07-10T21:00:38.269888"}
{"product": "Laptop", "price": 651.05, "quantity": 8, "date": "2024-07-09T21:00:38.269896"}
{"product": "Smartphone", "price": 154.1, "quantity": 6, "date": "2024-07-09T21:00:38.269903"}
{"product": "Headphones", "price": 212.82, "quantity": 2, "date": "2024-07-06T21:00:38.269910"}
{"product": "Headphones", "price": 703.07, "quantity": 10, "date": "2024-07-11T21:00:38.269967"}
{"product": "Headphones", "price": 346.07, "quantity": 4, "date": "2024-07-08T21:00:38.269975"}
{"product": "Smartphone", "price": 961.4, "quantity": 9, "date": "2024-07-09T21:00:38.269983"}
{"product": "Tablet", "price": 724.2, "quantity": 1, "date": "2024-07-09T21:00:38.269990"}
{"product": "Laptop", "price": 773.01, "quantity": 2, "date": "2024-07-09T21:00:38.269998"}
{"product": "Headphones", "price": 625.43, "quantity": 7, "date": "2024-07-05T21:00:38.270005"}
{"product": "Tablet", "price": 918.64, "quantity": 9, "date": "2024-07-11T21:00:38.270012"}
{"product": "Laptop", "price": 666.73, "quantity": 7, "date": "2024-07-06T21:00:38.270019"}
{"product": "Headphones", "price": 111.41, "quantity": 3, "date": "2024-07-10T21:00:38.270026"}
{"product": "Tablet", "price": 743.86, "quantity": 4, "date": "2024-07-10T21:00:38.270033"}
{"product": "Tablet", "price": 366.79, "quantity": 3, "date": "2024-07-06T21:00:38.270041"}
{"product": "Headphones", "price": 451.7, "quantity": 9, "date": "2024-07-08T21:00:38.270048"}
{"product": "Smartphone", "price": 789.39, "quantity": 4, "date": "2024-07-07T21:00:38.270055"}
{"product": "Headphones", "price": 635.23, "quantity": 9, "date": "2024-07-05T21:00:38.270062"}
{"product": "Smartphone", "price": 706.05, "quantity": 1, "date": "2024-07-06T21:00:38.270070"}
{"product": "Monitor", "price": 791.77, "quantity": 9, "date": "2024-07-06T21:00:38.270077"}
{"product": "Tablet", "price": 743.78, "quantity": 10, "date": "2024-07-10T21:00:38.270084"}
{"product": "Laptop", "price": 327.64, "quantity": 6, "date": "2024-07-11T21:00:38.270091"}
{"product": "Headphones", "price": 428.07, "quantity": 6, "date": "2024-07-08T21:00:38.270098"}
{"product": "Monitor", "price": 928.58, "quantity": 5, "date": "2024-07-05T21:00:38.270105"}
{"product": "Smartphone", "price": 936.04, "quantity": 4, "date": "2024-07-11T21:00:38.270112"}
{"product": "Tablet", "price": 808.99, "quantity": 4, "date": "2024-07-12T21:00:38.270120"}
{"product": "Monitor", "price": 894.62, "quantity": 2, "date": "2024-07-06T21:07:46.082303"}
{"product": "Headphones", "price": 197.74, "quantity": 9, "date": "2024-07-06T21:07:46.082317"}
{"product": "Laptop", "price": 199.55, "quantity": 3, "date": "2024-07-09T21:07:46.082323"}
{"product": "Headphones", "price": 294.95, "quantity": 6, "date": "2024-07-12T21:07:46.082328"}
{"product": "Laptop", "price": 454.63, "quantity": 8, "date": "2024-07-11T21:07:46.082334"}
{"product": "Smartphone", "price": 744.45, "quantity": 7, "date": "2024-07-08T21:07:46.082338"}
{"product": "Monitor", "price": 131.33, "quantity": 8, "date": "2024-07-11T21:07:46.082343"}
{"product": "Monitor", "price": 958.19, "quantity": 2, "date": "2024-07-07T21:07:46.082349"}
{"product": "Smartphone", "price": 390.08, "quantity": 5, "date": "2024-07-05T21:07:46.082355"}
{"product": "Smartphone", "price": 726.27, "quantity": 4, "date": "2024-07-09T21:07:46.082359"}
{"product": "Smartphone", "price": 747.66, "quantity": 8, "date": "2024-07-12T21:07:46.082363"}
{"product": "Tablet", "price": 757.2, "quantity": 1, "date": "2024-07-06T21:07:46.082369"}
{"product": "Monitor", "price": 174.93, "quantity": 2, "date": "2024-07-06T21:07:46.082378"}
{"product": "Headphones", "price": 943.44, "quantity": 1, "date": "2024-07-06T21:07:46.082386"}
{"product": "Laptop", "price": 382.45, "quantity": 5, "date": "2024-07-06T21:07:46.082394"}
{"product": "Laptop", "price": 894.65, "quantity": 4, "date": "2024-07-07T21:07:46.082400"}
{"product": "Smartphone", "price": 576.83, "quantity": 7, "date": "2024-07-10T21:07:46.082407"}
{"product": "Headphones", "price": 317.76, "quantity": 2, "date": "2024-07-11T21:07:46.082414"}
{"product": "Monitor", "price": 221.37, "quantity": 2, "date": "2024-07-10T21:07:46.082420"}
{"product": "Monitor", "price": 278.7, "quantity": 10, "date": "2024-07-12T21:07:46.082426"}
{"product": "Monitor", "price": 803.91, "quantity": 6, "date": "2024-07-06T21:07:46.082433"}
{"product": "Laptop", "price": 939.6, "quantity": 4, "date": "2024-07-09T21:07:46.082439"}
{"product": "Tablet", "price": 544.24, "quantity": 7, "date": "2024-07-06T21:07:46.082445"}
{"product": "Headphones", "price": 896.25, "quantity": 3, "date": "2024-07-11T21:07:46.082451"}
{"product": "Tablet", "price": 698.82, "quantity": 6, "date": "2024-07-11T21:07:46.082457"}
{"product": "Smartphone", "price": 412.37, "quantity": 7, "date": "2024-07-06T21:07:46.082463"}
{"product": "Headphones", "price": 327.54, "quantity": 9, "date": "2024-07-09T21:07:46.082471"}
{"product": "Laptop", "price": 784.95, "quantity": 7, "date": "2024-07-07T21:07:46.082475"}
{"product": "Monitor", "price": 480.2, "quantity": 6, "date": "2024-07-08T21:07:46.082479"}
{"product": "Monitor", "price": 107.12, "quantity": 9, "date": "2024-07-10T21:07:46.082486"}
{"product": "Laptop", "price": 609.25, "quantity": 5, "date": "2024-07-10T21:07:46.082493"}
{"product": "Tablet", "price": 555.71, "quantity": 3, "date": "2024-07-09T21:07:46.082500"}
{"product": "Laptop", "price": 456.71, "quantity": 9, "date": "2024-07-06T21:07:46.082509"}
{"product": "Headphones", "price": 692.48, "quantity": 5, "date": "2024-07-10T21:07:46.082514"}
{"product": "Smartphone", "price": 568.66, "quantity": 1, "date": "2024-07-07T21:07:46.082517"}
{"product": "Laptop", "price": 210.69, "quantity": 1, "date": "2024-07-05T21:07:46.082521"}
{"product": "Laptop", "price": 754.67, "quantity": 6, "date": "2024-07-07T21:07:46.082525"}
{"product": "Laptop", "price": 480.99, "quantity": 10, "date": "2024-07-08T21:07:46.082529"}
{"product": "Monitor", "price": 571.29, "quantity": 4, "date": "2024-07-10T21:07:46.082533"}
{"product": "Monitor", "price": 577.7, "quantity": 5, "date": "2024-07-06T21:07:46.082537"}
{"product": "Smartphone", "price": 213.74, "quantity": 8, "date": "2024-07-11T21:07:46.082541"}
{"product": "Monitor", "price": 926.28, "quantity": 4, "date": "2024-07-05T21:07:46.082544"}
{"product": "Headphones", "price": 480.72, "quantity": 2, "date": "2024-07-08T21:07:46.082548"}
{"product": "Monitor", "price": 503.29, "quantity": 5, "date": "2024-07-07T21:07:46.082552"}
{"product": "Headphones", "price": 647.7, "quantity": 1, "date": "2024-07-07T21:07:46.082563"}
{"product": "Tablet", "price": 237.16, "quantity": 2, "date": "2024-07-07T21:07:46.082567"}
{"product": "Monitor", "price": 870.82, "quantity": 2, "date": "2024-07-05T21:07:46.082571"}
{"product": "Tablet", "price": 835.56, "quantity": 5, "date": "2024-07-09T21:07:46.082575"}
